[debug] [2025-06-11T02:48:13.447Z] ----------------------------------------------------------------------
[debug] [2025-06-11T02:48:13.448Z] Command:       C:\Program Files\nodejs\node.exe C:\Users\kosmo\AppData\Roaming\npm\node_modules\firebase-tools\lib\bin\firebase.js deploy --only functions:getPostUrlsWithPuppeteer
[debug] [2025-06-11T02:48:13.449Z] CLI Version:   14.6.0
[debug] [2025-06-11T02:48:13.449Z] Platform:      win32
[debug] [2025-06-11T02:48:13.449Z] Node Version:  v22.15.0
[debug] [2025-06-11T02:48:13.449Z] Time:          Wed Jun 11 2025 11:48:13 GMT+0900 (대한민국 표준시)
[debug] [2025-06-11T02:48:13.449Z] ----------------------------------------------------------------------
[debug] 
[debug] [2025-06-11T02:48:13.559Z] > command requires scopes: ["email","openid","https://www.googleapis.com/auth/cloudplatformprojects.readonly","https://www.googleapis.com/auth/firebase","https://www.googleapis.com/auth/cloud-platform"]
[debug] [2025-06-11T02:48:13.559Z] > authorizing via signed-in user (kuzuri0817@gmail.com)
[debug] [2025-06-11T02:48:13.559Z] [iam] checking project dothighju for permissions ["cloudfunctions.functions.create","cloudfunctions.functions.delete","cloudfunctions.functions.get","cloudfunctions.functions.list","cloudfunctions.functions.update","cloudfunctions.operations.get","firebase.projects.get"]
[debug] [2025-06-11T02:48:13.560Z] Checked if tokens are valid: false, expires at: 1749610523743
[debug] [2025-06-11T02:48:13.560Z] Checked if tokens are valid: false, expires at: 1749610523743
[debug] [2025-06-11T02:48:13.560Z] > refreshing access token with scopes: []
[debug] [2025-06-11T02:48:13.561Z] >>> [apiv2][query] POST https://www.googleapis.com/oauth2/v3/token [none]
[debug] [2025-06-11T02:48:13.561Z] >>> [apiv2][body] POST https://www.googleapis.com/oauth2/v3/token [omitted]
[debug] [2025-06-11T02:48:13.780Z] <<< [apiv2][status] POST https://www.googleapis.com/oauth2/v3/token 200
[debug] [2025-06-11T02:48:13.780Z] <<< [apiv2][body] POST https://www.googleapis.com/oauth2/v3/token [omitted]
[debug] [2025-06-11T02:48:13.786Z] >>> [apiv2][query] POST https://cloudresourcemanager.googleapis.com/v1/projects/dothighju:testIamPermissions [none]
[debug] [2025-06-11T02:48:13.786Z] >>> [apiv2][(partial)header] POST https://cloudresourcemanager.googleapis.com/v1/projects/dothighju:testIamPermissions x-goog-quota-user=projects/dothighju
[debug] [2025-06-11T02:48:13.786Z] >>> [apiv2][body] POST https://cloudresourcemanager.googleapis.com/v1/projects/dothighju:testIamPermissions {"permissions":["cloudfunctions.functions.create","cloudfunctions.functions.delete","cloudfunctions.functions.get","cloudfunctions.functions.list","cloudfunctions.functions.update","cloudfunctions.operations.get","firebase.projects.get"]}
[debug] [2025-06-11T02:48:14.050Z] <<< [apiv2][status] POST https://cloudresourcemanager.googleapis.com/v1/projects/dothighju:testIamPermissions 200
[debug] [2025-06-11T02:48:14.050Z] <<< [apiv2][body] POST https://cloudresourcemanager.googleapis.com/v1/projects/dothighju:testIamPermissions {"permissions":["cloudfunctions.functions.create","cloudfunctions.functions.delete","cloudfunctions.functions.get","cloudfunctions.functions.list","cloudfunctions.functions.update","cloudfunctions.operations.get","firebase.projects.get"]}
[debug] [2025-06-11T02:48:14.050Z] Checked if tokens are valid: true, expires at: 1749613692781
[debug] [2025-06-11T02:48:14.050Z] Checked if tokens are valid: true, expires at: 1749613692781
[debug] [2025-06-11T02:48:14.051Z] >>> [apiv2][query] POST https://iam.googleapis.com/v1/projects/dothighju/serviceAccounts/dothighju@appspot.gserviceaccount.com:testIamPermissions [none]
[debug] [2025-06-11T02:48:14.051Z] >>> [apiv2][body] POST https://iam.googleapis.com/v1/projects/dothighju/serviceAccounts/dothighju@appspot.gserviceaccount.com:testIamPermissions {"permissions":["iam.serviceAccounts.actAs"]}
