[debug] [2025-06-05T09:24:32.987Z] ----------------------------------------------------------------------
[debug] [2025-06-05T09:24:32.989Z] Command:       C:\Program Files\nodejs\node.exe C:\Users\kosmo\AppData\Roaming\npm\node_modules\firebase-tools\lib\bin\firebase.js deploy --only functions
[debug] [2025-06-05T09:24:32.989Z] CLI Version:   14.5.1
[debug] [2025-06-05T09:24:32.989Z] Platform:      win32
[debug] [2025-06-05T09:24:32.989Z] Node Version:  v22.15.0
[debug] [2025-06-05T09:24:32.989Z] Time:          Thu Jun 05 2025 18:24:32 GMT+0900 (대한민국 표준시)
[debug] [2025-06-05T09:24:32.989Z] ----------------------------------------------------------------------
[debug] 
[debug] [2025-06-05T09:24:33.098Z] > command requires scopes: ["email","openid","https://www.googleapis.com/auth/cloudplatformprojects.readonly","https://www.googleapis.com/auth/firebase","https://www.googleapis.com/auth/cloud-platform"]
[debug] [2025-06-05T09:24:33.098Z] > authorizing via signed-in user (kuzuri0817@gmail.com)
[debug] [2025-06-05T09:24:33.098Z] [iam] checking project dothighju for permissions ["cloudfunctions.functions.create","cloudfunctions.functions.delete","cloudfunctions.functions.get","cloudfunctions.functions.list","cloudfunctions.functions.update","cloudfunctions.operations.get","firebase.projects.get"]
[debug] [2025-06-05T09:24:33.098Z] Checked if tokens are valid: true, expires at: 1749116733703
[debug] [2025-06-05T09:24:33.099Z] Checked if tokens are valid: true, expires at: 1749116733703
[debug] [2025-06-05T09:24:33.099Z] >>> [apiv2][query] POST https://cloudresourcemanager.googleapis.com/v1/projects/dothighju:testIamPermissions [none]
[debug] [2025-06-05T09:24:33.099Z] >>> [apiv2][(partial)header] POST https://cloudresourcemanager.googleapis.com/v1/projects/dothighju:testIamPermissions x-goog-quota-user=projects/dothighju
[debug] [2025-06-05T09:24:33.099Z] >>> [apiv2][body] POST https://cloudresourcemanager.googleapis.com/v1/projects/dothighju:testIamPermissions {"permissions":["cloudfunctions.functions.create","cloudfunctions.functions.delete","cloudfunctions.functions.get","cloudfunctions.functions.list","cloudfunctions.functions.update","cloudfunctions.operations.get","firebase.projects.get"]}
[debug] [2025-06-05T09:24:33.834Z] <<< [apiv2][status] POST https://cloudresourcemanager.googleapis.com/v1/projects/dothighju:testIamPermissions 200
[debug] [2025-06-05T09:24:33.834Z] <<< [apiv2][body] POST https://cloudresourcemanager.googleapis.com/v1/projects/dothighju:testIamPermissions {"permissions":["cloudfunctions.functions.create","cloudfunctions.functions.delete","cloudfunctions.functions.get","cloudfunctions.functions.list","cloudfunctions.functions.update","cloudfunctions.operations.get","firebase.projects.get"]}
[debug] [2025-06-05T09:24:33.834Z] Checked if tokens are valid: true, expires at: 1749116733703
[debug] [2025-06-05T09:24:33.834Z] Checked if tokens are valid: true, expires at: 1749116733703
[debug] [2025-06-05T09:24:33.834Z] >>> [apiv2][query] POST https://iam.googleapis.com/v1/projects/dothighju/serviceAccounts/dothighju@appspot.gserviceaccount.com:testIamPermissions [none]
[debug] [2025-06-05T09:24:33.834Z] >>> [apiv2][body] POST https://iam.googleapis.com/v1/projects/dothighju/serviceAccounts/dothighju@appspot.gserviceaccount.com:testIamPermissions {"permissions":["iam.serviceAccounts.actAs"]}
[debug] [2025-06-05T09:24:34.874Z] <<< [apiv2][status] POST https://iam.googleapis.com/v1/projects/dothighju/serviceAccounts/dothighju@appspot.gserviceaccount.com:testIamPermissions 200
[debug] [2025-06-05T09:24:34.874Z] <<< [apiv2][body] POST https://iam.googleapis.com/v1/projects/dothighju/serviceAccounts/dothighju@appspot.gserviceaccount.com:testIamPermissions {"permissions":["iam.serviceAccounts.actAs"]}
[info] 
[info] === Deploying to 'dothighju'...
[info] 
[info] i  deploying functions 
[debug] [2025-06-05T09:24:34.877Z] Checked if tokens are valid: true, expires at: 1749116733703
[debug] [2025-06-05T09:24:34.877Z] Checked if tokens are valid: true, expires at: 1749116733703
[debug] [2025-06-05T09:24:34.877Z] >>> [apiv2][query] GET https://serviceusage.googleapis.com/v1/projects/dothighju/services/cloudresourcemanager.googleapis.com [none]
[debug] [2025-06-05T09:24:34.877Z] >>> [apiv2][(partial)header] GET https://serviceusage.googleapis.com/v1/projects/dothighju/services/cloudresourcemanager.googleapis.com x-goog-quota-user=projects/dothighju
[debug] [2025-06-05T09:24:36.046Z] <<< [apiv2][status] GET https://serviceusage.googleapis.com/v1/projects/dothighju/services/cloudresourcemanager.googleapis.com 200
[debug] [2025-06-05T09:24:36.046Z] <<< [apiv2][body] GET https://serviceusage.googleapis.com/v1/projects/dothighju/services/cloudresourcemanager.googleapis.com [omitted]
[debug] [2025-06-05T09:24:36.046Z] Checked if tokens are valid: true, expires at: 1749116733703
[debug] [2025-06-05T09:24:36.046Z] Checked if tokens are valid: true, expires at: 1749116733703
[debug] [2025-06-05T09:24:36.046Z] >>> [apiv2][query] GET https://cloudresourcemanager.googleapis.com/v1/projects/dothighju [none]
[debug] [2025-06-05T09:24:36.247Z] <<< [apiv2][status] GET https://cloudresourcemanager.googleapis.com/v1/projects/dothighju 200
[debug] [2025-06-05T09:24:36.247Z] <<< [apiv2][body] GET https://cloudresourcemanager.googleapis.com/v1/projects/dothighju {"projectNumber":"104106663257","projectId":"dothighju","lifecycleState":"ACTIVE","name":"dotHighJu","labels":{"firebase":"enabled","firebase-core":"disabled"},"createTime":"2025-05-12T09:25:14.334107Z"}
[info] i  functions: preparing codebase default for deployment 
[info] i  functions: ensuring required API cloudfunctions.googleapis.com is enabled... 
[debug] [2025-06-05T09:24:36.248Z] Checked if tokens are valid: true, expires at: 1749116733703
[debug] [2025-06-05T09:24:36.248Z] Checked if tokens are valid: true, expires at: 1749116733703
[debug] [2025-06-05T09:24:36.248Z] Checked if tokens are valid: true, expires at: 1749116733703
[debug] [2025-06-05T09:24:36.248Z] Checked if tokens are valid: true, expires at: 1749116733703
[info] i  functions: ensuring required API cloudbuild.googleapis.com is enabled... 
[debug] [2025-06-05T09:24:36.248Z] Checked if tokens are valid: true, expires at: 1749116733703
[debug] [2025-06-05T09:24:36.248Z] Checked if tokens are valid: true, expires at: 1749116733703
[info] i  artifactregistry: ensuring required API artifactregistry.googleapis.com is enabled... 
[debug] [2025-06-05T09:24:36.248Z] Checked if tokens are valid: true, expires at: 1749116733703
[debug] [2025-06-05T09:24:36.248Z] Checked if tokens are valid: true, expires at: 1749116733703
[debug] [2025-06-05T09:24:36.248Z] >>> [apiv2][query] GET https://serviceusage.googleapis.com/v1/projects/dothighju/services/cloudfunctions.googleapis.com [none]
[debug] [2025-06-05T09:24:36.248Z] >>> [apiv2][(partial)header] GET https://serviceusage.googleapis.com/v1/projects/dothighju/services/cloudfunctions.googleapis.com x-goog-quota-user=projects/dothighju
[debug] [2025-06-05T09:24:36.249Z] >>> [apiv2][query] GET https://serviceusage.googleapis.com/v1/projects/dothighju/services/runtimeconfig.googleapis.com [none]
[debug] [2025-06-05T09:24:36.249Z] >>> [apiv2][(partial)header] GET https://serviceusage.googleapis.com/v1/projects/dothighju/services/runtimeconfig.googleapis.com x-goog-quota-user=projects/dothighju
[debug] [2025-06-05T09:24:36.250Z] >>> [apiv2][query] GET https://serviceusage.googleapis.com/v1/projects/dothighju/services/cloudbuild.googleapis.com [none]
[debug] [2025-06-05T09:24:36.250Z] >>> [apiv2][(partial)header] GET https://serviceusage.googleapis.com/v1/projects/dothighju/services/cloudbuild.googleapis.com x-goog-quota-user=projects/dothighju
[debug] [2025-06-05T09:24:36.251Z] >>> [apiv2][query] GET https://serviceusage.googleapis.com/v1/projects/dothighju/services/artifactregistry.googleapis.com [none]
[debug] [2025-06-05T09:24:36.251Z] >>> [apiv2][(partial)header] GET https://serviceusage.googleapis.com/v1/projects/dothighju/services/artifactregistry.googleapis.com x-goog-quota-user=projects/dothighju
[debug] [2025-06-05T09:24:36.550Z] <<< [apiv2][status] GET https://serviceusage.googleapis.com/v1/projects/dothighju/services/cloudfunctions.googleapis.com 200
[debug] [2025-06-05T09:24:36.550Z] <<< [apiv2][body] GET https://serviceusage.googleapis.com/v1/projects/dothighju/services/cloudfunctions.googleapis.com [omitted]
[info] +  functions: required API cloudfunctions.googleapis.com is enabled 
[debug] [2025-06-05T09:24:36.680Z] <<< [apiv2][status] GET https://serviceusage.googleapis.com/v1/projects/dothighju/services/artifactregistry.googleapis.com 200
[debug] [2025-06-05T09:24:36.680Z] <<< [apiv2][body] GET https://serviceusage.googleapis.com/v1/projects/dothighju/services/artifactregistry.googleapis.com [omitted]
[info] +  artifactregistry: required API artifactregistry.googleapis.com is enabled 
[debug] [2025-06-05T09:24:37.620Z] <<< [apiv2][status] GET https://serviceusage.googleapis.com/v1/projects/dothighju/services/runtimeconfig.googleapis.com 200
[debug] [2025-06-05T09:24:37.620Z] <<< [apiv2][body] GET https://serviceusage.googleapis.com/v1/projects/dothighju/services/runtimeconfig.googleapis.com [omitted]
[debug] [2025-06-05T09:24:37.622Z] <<< [apiv2][status] GET https://serviceusage.googleapis.com/v1/projects/dothighju/services/cloudbuild.googleapis.com 200
[debug] [2025-06-05T09:24:37.622Z] <<< [apiv2][body] GET https://serviceusage.googleapis.com/v1/projects/dothighju/services/cloudbuild.googleapis.com [omitted]
[info] +  functions: required API cloudbuild.googleapis.com is enabled 
[debug] [2025-06-05T09:24:37.623Z] Checked if tokens are valid: true, expires at: 1749116733703
[debug] [2025-06-05T09:24:37.623Z] Checked if tokens are valid: true, expires at: 1749116733703
[debug] [2025-06-05T09:24:37.623Z] >>> [apiv2][query] GET https://firebase.googleapis.com/v1beta1/projects/dothighju/adminSdkConfig [none]
[debug] [2025-06-05T09:24:38.063Z] <<< [apiv2][status] GET https://firebase.googleapis.com/v1beta1/projects/dothighju/adminSdkConfig 200
[debug] [2025-06-05T09:24:38.063Z] <<< [apiv2][body] GET https://firebase.googleapis.com/v1beta1/projects/dothighju/adminSdkConfig {"projectId":"dothighju","databaseURL":"https://dothighju-default-rtdb.asia-southeast1.firebasedatabase.app","storageBucket":"dothighju.firebasestorage.app"}
[debug] [2025-06-05T09:24:38.064Z] Checked if tokens are valid: true, expires at: 1749116733703
[debug] [2025-06-05T09:24:38.064Z] Checked if tokens are valid: true, expires at: 1749116733703
[debug] [2025-06-05T09:24:38.064Z] >>> [apiv2][query] GET https://runtimeconfig.googleapis.com/v1beta1/projects/dothighju/configs [none]
[debug] [2025-06-05T09:24:38.476Z] <<< [apiv2][status] GET https://runtimeconfig.googleapis.com/v1beta1/projects/dothighju/configs 200
[debug] [2025-06-05T09:24:38.476Z] <<< [apiv2][body] GET https://runtimeconfig.googleapis.com/v1beta1/projects/dothighju/configs {}
[debug] [2025-06-05T09:24:38.477Z] Validating nodejs source
[warn] !  functions: package.json indicates an outdated version of firebase-functions. Please upgrade using npm install --save firebase-functions@latest in your functions directory. 
[warn] !  functions: Please note that there will be breaking changes when you upgrade. 
[debug] [2025-06-05T09:24:38.904Z] > [functions] package.json contents: {
  "name": "functions",
  "description": "Cloud Functions for Firebase",
  "scripts": {
    "lint": "eslint .",
    "serve": "firebase emulators:start --only functions",
    "shell": "firebase functions:shell",
    "start": "npm run shell",
    "deploy": "firebase deploy --only functions",
    "logs": "firebase functions:log"
  },
  "engines": {
    "node": "20"
  },
  "main": "index.js",
  "dependencies": {
    "axios": "^1.9.0",
    "cheerio": "^1.0.0",
    "firebase-admin": "^11.10.1",
    "firebase-functions": "^4.4.1"
  },
  "devDependencies": {
    "eslint": "^8.15.0",
    "eslint-config-google": "^0.14.0"
  },
  "private": true
}
[debug] [2025-06-05T09:24:38.904Z] Building nodejs source
[info] i  functions: Loading and analyzing source code for codebase default to determine what to deploy 
[info] i  functions: You are using a version of firebase-functions SDK (4.4.1) that does not have support for the newest Firebase Extensions features. Please update firebase-functions SDK to >=5.1.0 to use them correctly 
[debug] [2025-06-05T09:24:38.905Z] Could not find functions.yaml. Must use http discovery
[debug] [2025-06-05T09:24:38.910Z] Found firebase-functions binary at 'C:\Users\kosmo\Documents\GitHub\judot\functions\node_modules\.bin\firebase-functions'
[info] Serving at port 8584

[debug] [2025-06-05T09:24:39.206Z] Got response from /__/functions.yaml {"endpoints":{"testInsertToFirestore":{"platform":"gcfv1","availableMemoryMb":null,"timeoutSeconds":null,"minInstances":null,"maxInstances":null,"ingressSettings":null,"serviceAccountEmail":null,"vpc":null,"region":["asia-northeast3"],"httpsTrigger":{},"entryPoint":"testInsertToFirestore"}},"specVersion":"v1alpha1","requiredAPIs":[]}
[info] shutdown requested via /__/quitquitquit

[info] i  functions: preparing functions directory for uploading... 
[info] i  functions: packaged C:\Users\kosmo\Documents\GitHub\judot\functions (51.17 KB) for uploading 
[debug] [2025-06-05T09:24:43.247Z] Checked if tokens are valid: true, expires at: 1749116733703
[debug] [2025-06-05T09:24:43.247Z] Checked if tokens are valid: true, expires at: 1749116733703
[debug] [2025-06-05T09:24:43.247Z] >>> [apiv2][query] GET https://cloudfunctions.googleapis.com/v1/projects/dothighju/locations/-/functions [none]
[debug] [2025-06-05T09:24:44.131Z] <<< [apiv2][status] GET https://cloudfunctions.googleapis.com/v1/projects/dothighju/locations/-/functions 200
[debug] [2025-06-05T09:24:44.131Z] <<< [apiv2][body] GET https://cloudfunctions.googleapis.com/v1/projects/dothighju/locations/-/functions {"functions":[{"name":"projects/dothighju/locations/asia-northeast3/functions/testInsertToFirestore","httpsTrigger":{"url":"https://asia-northeast3-dothighju.cloudfunctions.net/testInsertToFirestore","securityLevel":"SECURE_ALWAYS"},"status":"ACTIVE","entryPoint":"testInsertToFirestore","timeout":"60s","availableMemoryMb":256,"serviceAccountEmail":"dothighju@appspot.gserviceaccount.com","updateTime":"2025-06-05T09:08:14.298Z","versionId":"6","labels":{"deployment-tool":"cli-firebase","firebase-functions-hash":"a4411bf0e63013b4d22f2fe447c6a8b08df9a073"},"sourceUploadUrl":"https://storage.googleapis.com/uploads-204481547288.asia-northeast3.cloudfunctions.appspot.com/a989b609-ce59-40f0-b031-a21b1f812511.zip","environmentVariables":{"FIREBASE_CONFIG":"{\"projectId\":\"dothighju\",\"databaseURL\":\"https://dothighju-default-rtdb.asia-southeast1.firebasedatabase.app\",\"storageBucket\":\"dothighju.firebasestorage.app\"}","GCLOUD_PROJECT":"dothighju","EVENTARC_CLOUD_EVENT_SOURCE":"projects/dothighju/locations/asia-northeast3/functions/testInsertToFirestore"},"runtime":"nodejs20","ingressSettings":"ALLOW_ALL","buildId":"f6e10f0a-ff31-4868-8ec6-8d5c3ef998ad","buildEnvironmentVariables":{"GOOGLE_NODE_RUN_SCRIPTS":""},"buildName":"projects/104106663257/locations/asia-northeast3/builds/f6e10f0a-ff31-4868-8ec6-8d5c3ef998ad","dockerRegistry":"ARTIFACT_REGISTRY","automaticUpdatePolicy":{},"buildServiceAccount":"projects/dothighju/serviceAccounts/104106663257-compute@developer.gserviceaccount.com","satisfiesPzs":true,"satisfiesPzi":true}]}
[debug] [2025-06-05T09:24:44.131Z] Checked if tokens are valid: true, expires at: 1749116733703
[debug] [2025-06-05T09:24:44.131Z] Checked if tokens are valid: true, expires at: 1749116733703
[debug] [2025-06-05T09:24:44.131Z] >>> [apiv2][query] GET https://cloudfunctions.googleapis.com/v2/projects/dothighju/locations/-/functions filter=environment%3D%22GEN_2%22
[debug] [2025-06-05T09:24:45.472Z] <<< [apiv2][status] GET https://cloudfunctions.googleapis.com/v2/projects/dothighju/locations/-/functions 200
[debug] [2025-06-05T09:24:45.472Z] <<< [apiv2][body] GET https://cloudfunctions.googleapis.com/v2/projects/dothighju/locations/-/functions {}
[debug] [2025-06-05T09:24:45.474Z] Checked if tokens are valid: true, expires at: 1749116733703
[debug] [2025-06-05T09:24:45.474Z] Checked if tokens are valid: true, expires at: 1749116733703
[debug] [2025-06-05T09:24:45.474Z] >>> [apiv2][query] GET https://serviceusage.googleapis.com/v1/projects/dothighju/services/cloudresourcemanager.googleapis.com [none]
[debug] [2025-06-05T09:24:45.474Z] >>> [apiv2][(partial)header] GET https://serviceusage.googleapis.com/v1/projects/dothighju/services/cloudresourcemanager.googleapis.com x-goog-quota-user=projects/dothighju
[debug] [2025-06-05T09:24:46.578Z] <<< [apiv2][status] GET https://serviceusage.googleapis.com/v1/projects/dothighju/services/cloudresourcemanager.googleapis.com 200
[debug] [2025-06-05T09:24:46.578Z] <<< [apiv2][body] GET https://serviceusage.googleapis.com/v1/projects/dothighju/services/cloudresourcemanager.googleapis.com [omitted]
[debug] [2025-06-05T09:24:46.578Z] Checked if tokens are valid: true, expires at: 1749116733703
[debug] [2025-06-05T09:24:46.578Z] Checked if tokens are valid: true, expires at: 1749116733703
[debug] [2025-06-05T09:24:46.578Z] >>> [apiv2][query] GET https://cloudresourcemanager.googleapis.com/v1/projects/dothighju [none]
[debug] [2025-06-05T09:24:46.878Z] <<< [apiv2][status] GET https://cloudresourcemanager.googleapis.com/v1/projects/dothighju 200
[debug] [2025-06-05T09:24:46.878Z] <<< [apiv2][body] GET https://cloudresourcemanager.googleapis.com/v1/projects/dothighju {"projectNumber":"104106663257","projectId":"dothighju","lifecycleState":"ACTIVE","name":"dotHighJu","labels":{"firebase":"enabled","firebase-core":"disabled"},"createTime":"2025-05-12T09:25:14.334107Z"}
[debug] [2025-06-05T09:24:46.879Z] Checked if tokens are valid: true, expires at: 1749116733703
[debug] [2025-06-05T09:24:46.879Z] Checked if tokens are valid: true, expires at: 1749116733703
[debug] [2025-06-05T09:24:46.879Z] >>> [apiv2][query] POST https://cloudfunctions.googleapis.com/v1/projects/dothighju/locations/asia-northeast3/functions:generateUploadUrl [none]
[debug] [2025-06-05T09:24:46.879Z] >>> [apiv2][body] POST https://cloudfunctions.googleapis.com/v1/projects/dothighju/locations/asia-northeast3/functions:generateUploadUrl {}
[debug] [2025-06-05T09:24:48.215Z] <<< [apiv2][status] POST https://cloudfunctions.googleapis.com/v1/projects/dothighju/locations/asia-northeast3/functions:generateUploadUrl 200
[debug] [2025-06-05T09:24:48.215Z] <<< [apiv2][body] POST https://cloudfunctions.googleapis.com/v1/projects/dothighju/locations/asia-northeast3/functions:generateUploadUrl {"uploadUrl":"https://storage.googleapis.com/uploads-204481547288.asia-northeast3.cloudfunctions.appspot.com/87cf5481-eabb-428e-b05b-4f61e137df11.zip?GoogleAccessId=service-104106663257@gcf-admin-robot.iam.gserviceaccount.com&Expires=1749117287&Signature=kHvizS%2BhGqC19sKnkDV5DaTplrT91BEOeZOFdfAPyscTEypK66BdTLSlSTyIM60%2B5iPB7N3rJNrXATPScG7adfU881K8%2FA3sUWSNvo97CnT94Z7TCuBO7gLXO0VHWpiPjdSUDBm4pFLhF1zUis%2FJ8cJOUBsLa%2B5QXAk12OQALTz%2FwdZu6ygbjfo7qssApTEEgJNYi%2Bvk5YS7C4dpVZ7qzLOjxInx14JF5Qd5NeIjSAS7WKfS%2BItWtFXfr66M%2F9uZ%2B3FGl1hAr5Mb8ba4w3WoDZP9Td4Aad%2FUUdVjQd42PXh8B5ow7vW229ArvpeabHAXndn2wONSnNBsKRO820B3Cg%3D%3D"}
[debug] [2025-06-05T09:24:48.216Z] >>> [apiv2][query] PUT https://storage.googleapis.com/uploads-204481547288.asia-northeast3.cloudfunctions.appspot.com/87cf5481-eabb-428e-b05b-4f61e137df11.zip GoogleAccessId=service-104106663257%40gcf-admin-robot.iam.gserviceaccount.com&Expires=1749117287&Signature=kHvizS%2BhGqC19sKnkDV5DaTplrT91BEOeZOFdfAPyscTEypK66BdTLSlSTyIM60%2B5iPB7N3rJNrXATPScG7adfU881K8%2FA3sUWSNvo97CnT94Z7TCuBO7gLXO0VHWpiPjdSUDBm4pFLhF1zUis%2FJ8cJOUBsLa%2B5QXAk12OQALTz%2FwdZu6ygbjfo7qssApTEEgJNYi%2Bvk5YS7C4dpVZ7qzLOjxInx14JF5Qd5NeIjSAS7WKfS%2BItWtFXfr66M%2F9uZ%2B3FGl1hAr5Mb8ba4w3WoDZP9Td4Aad%2FUUdVjQd42PXh8B5ow7vW229ArvpeabHAXndn2wONSnNBsKRO820B3Cg%3D%3D
[debug] [2025-06-05T09:24:48.216Z] >>> [apiv2][body] PUT https://storage.googleapis.com/uploads-204481547288.asia-northeast3.cloudfunctions.appspot.com/87cf5481-eabb-428e-b05b-4f61e137df11.zip [stream]
[debug] [2025-06-05T09:24:48.320Z] <<< [apiv2][status] PUT https://storage.googleapis.com/uploads-204481547288.asia-northeast3.cloudfunctions.appspot.com/87cf5481-eabb-428e-b05b-4f61e137df11.zip 200
[debug] [2025-06-05T09:24:48.320Z] <<< [apiv2][body] PUT https://storage.googleapis.com/uploads-204481547288.asia-northeast3.cloudfunctions.appspot.com/87cf5481-eabb-428e-b05b-4f61e137df11.zip [omitted]
[info] +  functions: functions folder uploaded successfully 
[info] i  functions: updating Node.js 20 (1st Gen) function testInsertToFirestore(asia-northeast3)... 
[debug] [2025-06-05T09:24:48.323Z] Checked if tokens are valid: true, expires at: 1749116733703
[debug] [2025-06-05T09:24:48.323Z] Checked if tokens are valid: true, expires at: 1749116733703
[debug] [2025-06-05T09:24:48.323Z] >>> [apiv2][query] PATCH https://cloudfunctions.googleapis.com/v1/projects/dothighju/locations/asia-northeast3/functions/testInsertToFirestore updateMask=name%2CsourceUploadUrl%2CentryPoint%2Cruntime%2CdockerRegistry%2Clabels%2ChttpsTrigger.securityLevel%2CminInstances%2CmaxInstances%2CingressSettings%2CenvironmentVariables%2CserviceAccountEmail%2CavailableMemoryMb%2Ctimeout%2CvpcConnector%2CvpcConnectorEgressSettings%2CsourceToken%2CbuildEnvironmentVariables
[debug] [2025-06-05T09:24:48.323Z] >>> [apiv2][body] PATCH https://cloudfunctions.googleapis.com/v1/projects/dothighju/locations/asia-northeast3/functions/testInsertToFirestore {"name":"projects/dothighju/locations/asia-northeast3/functions/testInsertToFirestore","sourceUploadUrl":"https://storage.googleapis.com/uploads-204481547288.asia-northeast3.cloudfunctions.appspot.com/87cf5481-eabb-428e-b05b-4f61e137df11.zip?GoogleAccessId=service-104106663257@gcf-admin-robot.iam.gserviceaccount.com&Expires=1749117287&Signature=kHvizS%2BhGqC19sKnkDV5DaTplrT91BEOeZOFdfAPyscTEypK66BdTLSlSTyIM60%2B5iPB7N3rJNrXATPScG7adfU881K8%2FA3sUWSNvo97CnT94Z7TCuBO7gLXO0VHWpiPjdSUDBm4pFLhF1zUis%2FJ8cJOUBsLa%2B5QXAk12OQALTz%2FwdZu6ygbjfo7qssApTEEgJNYi%2Bvk5YS7C4dpVZ7qzLOjxInx14JF5Qd5NeIjSAS7WKfS%2BItWtFXfr66M%2F9uZ%2B3FGl1hAr5Mb8ba4w3WoDZP9Td4Aad%2FUUdVjQd42PXh8B5ow7vW229ArvpeabHAXndn2wONSnNBsKRO820B3Cg%3D%3D","entryPoint":"testInsertToFirestore","runtime":"nodejs20","dockerRegistry":"ARTIFACT_REGISTRY","labels":{"deployment-tool":"cli-firebase","firebase-functions-hash":"0d3f5b3233672cd70eb90ab761afaa817583038a"},"httpsTrigger":{"securityLevel":"SECURE_ALWAYS"},"minInstances":null,"maxInstances":null,"ingressSettings":null,"environmentVariables":{"FIREBASE_CONFIG":"{\"projectId\":\"dothighju\",\"databaseURL\":\"https://dothighju-default-rtdb.asia-southeast1.firebasedatabase.app\",\"storageBucket\":\"dothighju.firebasestorage.app\"}","GCLOUD_PROJECT":"dothighju","EVENTARC_CLOUD_EVENT_SOURCE":"projects/dothighju/locations/asia-northeast3/functions/testInsertToFirestore"},"serviceAccountEmail":null,"availableMemoryMb":null,"timeout":null,"vpcConnector":null,"vpcConnectorEgressSettings":null,"buildEnvironmentVariables":{"GOOGLE_NODE_RUN_SCRIPTS":""}}
[debug] [2025-06-05T09:24:49.146Z] <<< [apiv2][status] PATCH https://cloudfunctions.googleapis.com/v1/projects/dothighju/locations/asia-northeast3/functions/testInsertToFirestore 200
[debug] [2025-06-05T09:24:49.146Z] <<< [apiv2][body] PATCH https://cloudfunctions.googleapis.com/v1/projects/dothighju/locations/asia-northeast3/functions/testInsertToFirestore {"name":"operations/ZG90aGlnaGp1L2FzaWEtbm9ydGhlYXN0My90ZXN0SW5zZXJ0VG9GaXJlc3RvcmUvM3ItWjNCa0kwRkE","metadata":{"@type":"type.googleapis.com/google.cloud.functions.v1.OperationMetadataV1","target":"projects/dothighju/locations/asia-northeast3/functions/testInsertToFirestore","type":"UPDATE_FUNCTION","request":{"@type":"type.googleapis.com/google.cloud.functions.v1.CloudFunction","name":"projects/dothighju/locations/asia-northeast3/functions/testInsertToFirestore","httpsTrigger":{"url":"https://asia-northeast3-dothighju.cloudfunctions.net/testInsertToFirestore","securityLevel":"SECURE_ALWAYS"},"status":"ACTIVE","entryPoint":"testInsertToFirestore","updateTime":"2025-06-05T09:08:14.298Z","versionId":"6","labels":{"deployment-tool":"cli-firebase","firebase-functions-hash":"0d3f5b3233672cd70eb90ab761afaa817583038a"},"sourceUploadUrl":"https://storage.googleapis.com/uploads-204481547288.asia-northeast3.cloudfunctions.appspot.com/87cf5481-eabb-428e-b05b-4f61e137df11.zip?GoogleAccessId=service-104106663257@gcf-admin-robot.iam.gserviceaccount.com&Expires=1749117287&Signature=kHvizS%2BhGqC19sKnkDV5DaTplrT91BEOeZOFdfAPyscTEypK66BdTLSlSTyIM60%2B5iPB7N3rJNrXATPScG7adfU881K8%2FA3sUWSNvo97CnT94Z7TCuBO7gLXO0VHWpiPjdSUDBm4pFLhF1zUis%2FJ8cJOUBsLa%2B5QXAk12OQALTz%2FwdZu6ygbjfo7qssApTEEgJNYi%2Bvk5YS7C4dpVZ7qzLOjxInx14JF5Qd5NeIjSAS7WKfS%2BItWtFXfr66M%2F9uZ%2B3FGl1hAr5Mb8ba4w3WoDZP9Td4Aad%2FUUdVjQd42PXh8B5ow7vW229ArvpeabHAXndn2wONSnNBsKRO820B3Cg%3D%3D","environmentVariables":{"FIREBASE_CONFIG":"{\"projectId\":\"dothighju\",\"databaseURL\":\"https://dothighju-default-rtdb.asia-southeast1.firebasedatabase.app\",\"storageBucket\":\"dothighju.firebasestorage.app\"}","GCLOUD_PROJECT":"dothighju","EVENTARC_CLOUD_EVENT_SOURCE":"projects/dothighju/locations/asia-northeast3/functions/testInsertToFirestore"},"runtime":"nodejs20","buildId":"f6e10f0a-ff31-4868-8ec6-8d5c3ef998ad","buildEnvironmentVariables":{"GOOGLE_NODE_RUN_SCRIPTS":""},"buildName":"projects/104106663257/locations/asia-northeast3/builds/f6e10f0a-ff31-4868-8ec6-8d5c3ef998ad","dockerRegistry":"ARTIFACT_REGISTRY","automaticUpdatePolicy":{},"buildServiceAccount":"projects/dothighju/serviceAccounts/104106663257-compute@developer.gserviceaccount.com"},"versionId":"7","updateTime":"2025-06-05T09:24:48Z"}}
[debug] [2025-06-05T09:24:49.147Z] Checked if tokens are valid: true, expires at: 1749116733703
[debug] [2025-06-05T09:24:49.147Z] Checked if tokens are valid: true, expires at: 1749116733703
[debug] [2025-06-05T09:24:49.147Z] >>> [apiv2][query] GET https://cloudfunctions.googleapis.com/v1/operations/ZG90aGlnaGp1L2FzaWEtbm9ydGhlYXN0My90ZXN0SW5zZXJ0VG9GaXJlc3RvcmUvM3ItWjNCa0kwRkE [none]
[debug] [2025-06-05T09:24:49.522Z] <<< [apiv2][status] GET https://cloudfunctions.googleapis.com/v1/operations/ZG90aGlnaGp1L2FzaWEtbm9ydGhlYXN0My90ZXN0SW5zZXJ0VG9GaXJlc3RvcmUvM3ItWjNCa0kwRkE 200
[debug] [2025-06-05T09:24:49.523Z] <<< [apiv2][body] GET https://cloudfunctions.googleapis.com/v1/operations/ZG90aGlnaGp1L2FzaWEtbm9ydGhlYXN0My90ZXN0SW5zZXJ0VG9GaXJlc3RvcmUvM3ItWjNCa0kwRkE {"name":"operations/ZG90aGlnaGp1L2FzaWEtbm9ydGhlYXN0My90ZXN0SW5zZXJ0VG9GaXJlc3RvcmUvM3ItWjNCa0kwRkE","metadata":{"@type":"type.googleapis.com/google.cloud.functions.v1.OperationMetadataV1","target":"projects/dothighju/locations/asia-northeast3/functions/testInsertToFirestore","type":"UPDATE_FUNCTION","request":{"@type":"type.googleapis.com/google.cloud.functions.v1.CloudFunction","name":"projects/dothighju/locations/asia-northeast3/functions/testInsertToFirestore","httpsTrigger":{"url":"https://asia-northeast3-dothighju.cloudfunctions.net/testInsertToFirestore","securityLevel":"SECURE_ALWAYS"},"status":"ACTIVE","entryPoint":"testInsertToFirestore","updateTime":"2025-06-05T09:08:14.298Z","versionId":"6","labels":{"deployment-tool":"cli-firebase","firebase-functions-hash":"0d3f5b3233672cd70eb90ab761afaa817583038a"},"sourceUploadUrl":"https://storage.googleapis.com/uploads-204481547288.asia-northeast3.cloudfunctions.appspot.com/87cf5481-eabb-428e-b05b-4f61e137df11.zip?GoogleAccessId=service-104106663257@gcf-admin-robot.iam.gserviceaccount.com&Expires=1749117287&Signature=kHvizS%2BhGqC19sKnkDV5DaTplrT91BEOeZOFdfAPyscTEypK66BdTLSlSTyIM60%2B5iPB7N3rJNrXATPScG7adfU881K8%2FA3sUWSNvo97CnT94Z7TCuBO7gLXO0VHWpiPjdSUDBm4pFLhF1zUis%2FJ8cJOUBsLa%2B5QXAk12OQALTz%2FwdZu6ygbjfo7qssApTEEgJNYi%2Bvk5YS7C4dpVZ7qzLOjxInx14JF5Qd5NeIjSAS7WKfS%2BItWtFXfr66M%2F9uZ%2B3FGl1hAr5Mb8ba4w3WoDZP9Td4Aad%2FUUdVjQd42PXh8B5ow7vW229ArvpeabHAXndn2wONSnNBsKRO820B3Cg%3D%3D","environmentVariables":{"FIREBASE_CONFIG":"{\"projectId\":\"dothighju\",\"databaseURL\":\"https://dothighju-default-rtdb.asia-southeast1.firebasedatabase.app\",\"storageBucket\":\"dothighju.firebasestorage.app\"}","GCLOUD_PROJECT":"dothighju","EVENTARC_CLOUD_EVENT_SOURCE":"projects/dothighju/locations/asia-northeast3/functions/testInsertToFirestore"},"runtime":"nodejs20","buildId":"f6e10f0a-ff31-4868-8ec6-8d5c3ef998ad","buildEnvironmentVariables":{"GOOGLE_NODE_RUN_SCRIPTS":""},"buildName":"projects/104106663257/locations/asia-northeast3/builds/f6e10f0a-ff31-4868-8ec6-8d5c3ef998ad","dockerRegistry":"ARTIFACT_REGISTRY","automaticUpdatePolicy":{},"buildServiceAccount":"projects/dothighju/serviceAccounts/104106663257-compute@developer.gserviceaccount.com"},"versionId":"7","updateTime":"2025-06-05T09:24:48Z"}}
[debug] [2025-06-05T09:24:50.029Z] [update-default-asia-northeast3-testInsertToFirestore] Retrying task index 0
[debug] [2025-06-05T09:24:50.029Z] Checked if tokens are valid: true, expires at: 1749116733703
[debug] [2025-06-05T09:24:50.029Z] Checked if tokens are valid: true, expires at: 1749116733703
[debug] [2025-06-05T09:24:50.029Z] >>> [apiv2][query] GET https://cloudfunctions.googleapis.com/v1/operations/ZG90aGlnaGp1L2FzaWEtbm9ydGhlYXN0My90ZXN0SW5zZXJ0VG9GaXJlc3RvcmUvM3ItWjNCa0kwRkE [none]
[debug] [2025-06-05T09:24:50.413Z] <<< [apiv2][status] GET https://cloudfunctions.googleapis.com/v1/operations/ZG90aGlnaGp1L2FzaWEtbm9ydGhlYXN0My90ZXN0SW5zZXJ0VG9GaXJlc3RvcmUvM3ItWjNCa0kwRkE 200
[debug] [2025-06-05T09:24:50.414Z] <<< [apiv2][body] GET https://cloudfunctions.googleapis.com/v1/operations/ZG90aGlnaGp1L2FzaWEtbm9ydGhlYXN0My90ZXN0SW5zZXJ0VG9GaXJlc3RvcmUvM3ItWjNCa0kwRkE {"name":"operations/ZG90aGlnaGp1L2FzaWEtbm9ydGhlYXN0My90ZXN0SW5zZXJ0VG9GaXJlc3RvcmUvM3ItWjNCa0kwRkE","metadata":{"@type":"type.googleapis.com/google.cloud.functions.v1.OperationMetadataV1","target":"projects/dothighju/locations/asia-northeast3/functions/testInsertToFirestore","type":"UPDATE_FUNCTION","request":{"@type":"type.googleapis.com/google.cloud.functions.v1.CloudFunction","name":"projects/dothighju/locations/asia-northeast3/functions/testInsertToFirestore","httpsTrigger":{"url":"https://asia-northeast3-dothighju.cloudfunctions.net/testInsertToFirestore","securityLevel":"SECURE_ALWAYS"},"status":"ACTIVE","entryPoint":"testInsertToFirestore","updateTime":"2025-06-05T09:08:14.298Z","versionId":"6","labels":{"deployment-tool":"cli-firebase","firebase-functions-hash":"0d3f5b3233672cd70eb90ab761afaa817583038a"},"sourceUploadUrl":"https://storage.googleapis.com/uploads-204481547288.asia-northeast3.cloudfunctions.appspot.com/87cf5481-eabb-428e-b05b-4f61e137df11.zip?GoogleAccessId=service-104106663257@gcf-admin-robot.iam.gserviceaccount.com&Expires=1749117287&Signature=kHvizS%2BhGqC19sKnkDV5DaTplrT91BEOeZOFdfAPyscTEypK66BdTLSlSTyIM60%2B5iPB7N3rJNrXATPScG7adfU881K8%2FA3sUWSNvo97CnT94Z7TCuBO7gLXO0VHWpiPjdSUDBm4pFLhF1zUis%2FJ8cJOUBsLa%2B5QXAk12OQALTz%2FwdZu6ygbjfo7qssApTEEgJNYi%2Bvk5YS7C4dpVZ7qzLOjxInx14JF5Qd5NeIjSAS7WKfS%2BItWtFXfr66M%2F9uZ%2B3FGl1hAr5Mb8ba4w3WoDZP9Td4Aad%2FUUdVjQd42PXh8B5ow7vW229ArvpeabHAXndn2wONSnNBsKRO820B3Cg%3D%3D","environmentVariables":{"FIREBASE_CONFIG":"{\"projectId\":\"dothighju\",\"databaseURL\":\"https://dothighju-default-rtdb.asia-southeast1.firebasedatabase.app\",\"storageBucket\":\"dothighju.firebasestorage.app\"}","GCLOUD_PROJECT":"dothighju","EVENTARC_CLOUD_EVENT_SOURCE":"projects/dothighju/locations/asia-northeast3/functions/testInsertToFirestore"},"runtime":"nodejs20","buildId":"f6e10f0a-ff31-4868-8ec6-8d5c3ef998ad","buildEnvironmentVariables":{"GOOGLE_NODE_RUN_SCRIPTS":""},"buildName":"projects/104106663257/locations/asia-northeast3/builds/f6e10f0a-ff31-4868-8ec6-8d5c3ef998ad","dockerRegistry":"ARTIFACT_REGISTRY","automaticUpdatePolicy":{},"buildServiceAccount":"projects/dothighju/serviceAccounts/104106663257-compute@developer.gserviceaccount.com"},"versionId":"7","updateTime":"2025-06-05T09:24:48Z"}}
[debug] [2025-06-05T09:24:51.414Z] [update-default-asia-northeast3-testInsertToFirestore] Retrying task index 0
[debug] [2025-06-05T09:24:51.414Z] Checked if tokens are valid: true, expires at: 1749116733703
[debug] [2025-06-05T09:24:51.414Z] Checked if tokens are valid: true, expires at: 1749116733703
[debug] [2025-06-05T09:24:51.414Z] >>> [apiv2][query] GET https://cloudfunctions.googleapis.com/v1/operations/ZG90aGlnaGp1L2FzaWEtbm9ydGhlYXN0My90ZXN0SW5zZXJ0VG9GaXJlc3RvcmUvM3ItWjNCa0kwRkE [none]
[debug] [2025-06-05T09:24:51.793Z] <<< [apiv2][status] GET https://cloudfunctions.googleapis.com/v1/operations/ZG90aGlnaGp1L2FzaWEtbm9ydGhlYXN0My90ZXN0SW5zZXJ0VG9GaXJlc3RvcmUvM3ItWjNCa0kwRkE 200
[debug] [2025-06-05T09:24:51.793Z] <<< [apiv2][body] GET https://cloudfunctions.googleapis.com/v1/operations/ZG90aGlnaGp1L2FzaWEtbm9ydGhlYXN0My90ZXN0SW5zZXJ0VG9GaXJlc3RvcmUvM3ItWjNCa0kwRkE {"name":"operations/ZG90aGlnaGp1L2FzaWEtbm9ydGhlYXN0My90ZXN0SW5zZXJ0VG9GaXJlc3RvcmUvM3ItWjNCa0kwRkE","metadata":{"@type":"type.googleapis.com/google.cloud.functions.v1.OperationMetadataV1","target":"projects/dothighju/locations/asia-northeast3/functions/testInsertToFirestore","type":"UPDATE_FUNCTION","request":{"@type":"type.googleapis.com/google.cloud.functions.v1.CloudFunction","name":"projects/dothighju/locations/asia-northeast3/functions/testInsertToFirestore","httpsTrigger":{"url":"https://asia-northeast3-dothighju.cloudfunctions.net/testInsertToFirestore","securityLevel":"SECURE_ALWAYS"},"status":"ACTIVE","entryPoint":"testInsertToFirestore","updateTime":"2025-06-05T09:08:14.298Z","versionId":"6","labels":{"deployment-tool":"cli-firebase","firebase-functions-hash":"0d3f5b3233672cd70eb90ab761afaa817583038a"},"sourceUploadUrl":"https://storage.googleapis.com/uploads-204481547288.asia-northeast3.cloudfunctions.appspot.com/87cf5481-eabb-428e-b05b-4f61e137df11.zip?GoogleAccessId=service-104106663257@gcf-admin-robot.iam.gserviceaccount.com&Expires=1749117287&Signature=kHvizS%2BhGqC19sKnkDV5DaTplrT91BEOeZOFdfAPyscTEypK66BdTLSlSTyIM60%2B5iPB7N3rJNrXATPScG7adfU881K8%2FA3sUWSNvo97CnT94Z7TCuBO7gLXO0VHWpiPjdSUDBm4pFLhF1zUis%2FJ8cJOUBsLa%2B5QXAk12OQALTz%2FwdZu6ygbjfo7qssApTEEgJNYi%2Bvk5YS7C4dpVZ7qzLOjxInx14JF5Qd5NeIjSAS7WKfS%2BItWtFXfr66M%2F9uZ%2B3FGl1hAr5Mb8ba4w3WoDZP9Td4Aad%2FUUdVjQd42PXh8B5ow7vW229ArvpeabHAXndn2wONSnNBsKRO820B3Cg%3D%3D","environmentVariables":{"FIREBASE_CONFIG":"{\"projectId\":\"dothighju\",\"databaseURL\":\"https://dothighju-default-rtdb.asia-southeast1.firebasedatabase.app\",\"storageBucket\":\"dothighju.firebasestorage.app\"}","GCLOUD_PROJECT":"dothighju","EVENTARC_CLOUD_EVENT_SOURCE":"projects/dothighju/locations/asia-northeast3/functions/testInsertToFirestore"},"runtime":"nodejs20","buildId":"f6e10f0a-ff31-4868-8ec6-8d5c3ef998ad","buildEnvironmentVariables":{"GOOGLE_NODE_RUN_SCRIPTS":""},"buildName":"projects/104106663257/locations/asia-northeast3/builds/f6e10f0a-ff31-4868-8ec6-8d5c3ef998ad","dockerRegistry":"ARTIFACT_REGISTRY","automaticUpdatePolicy":{},"buildServiceAccount":"projects/dothighju/serviceAccounts/104106663257-compute@developer.gserviceaccount.com"},"versionId":"7","updateTime":"2025-06-05T09:24:48Z","buildId":"6adc63d1-d502-411c-9d36-2bf7b6d1ed66","buildName":"projects/104106663257/locations/asia-northeast3/builds/6adc63d1-d502-411c-9d36-2bf7b6d1ed66"}}
[debug] [2025-06-05T09:24:53.802Z] [update-default-asia-northeast3-testInsertToFirestore] Retrying task index 0
[debug] [2025-06-05T09:24:53.802Z] Checked if tokens are valid: true, expires at: 1749116733703
[debug] [2025-06-05T09:24:53.802Z] Checked if tokens are valid: true, expires at: 1749116733703
[debug] [2025-06-05T09:24:53.802Z] >>> [apiv2][query] GET https://cloudfunctions.googleapis.com/v1/operations/ZG90aGlnaGp1L2FzaWEtbm9ydGhlYXN0My90ZXN0SW5zZXJ0VG9GaXJlc3RvcmUvM3ItWjNCa0kwRkE [none]
[debug] [2025-06-05T09:24:54.145Z] <<< [apiv2][status] GET https://cloudfunctions.googleapis.com/v1/operations/ZG90aGlnaGp1L2FzaWEtbm9ydGhlYXN0My90ZXN0SW5zZXJ0VG9GaXJlc3RvcmUvM3ItWjNCa0kwRkE 200
[debug] [2025-06-05T09:24:54.145Z] <<< [apiv2][body] GET https://cloudfunctions.googleapis.com/v1/operations/ZG90aGlnaGp1L2FzaWEtbm9ydGhlYXN0My90ZXN0SW5zZXJ0VG9GaXJlc3RvcmUvM3ItWjNCa0kwRkE {"name":"operations/ZG90aGlnaGp1L2FzaWEtbm9ydGhlYXN0My90ZXN0SW5zZXJ0VG9GaXJlc3RvcmUvM3ItWjNCa0kwRkE","metadata":{"@type":"type.googleapis.com/google.cloud.functions.v1.OperationMetadataV1","target":"projects/dothighju/locations/asia-northeast3/functions/testInsertToFirestore","type":"UPDATE_FUNCTION","request":{"@type":"type.googleapis.com/google.cloud.functions.v1.CloudFunction","name":"projects/dothighju/locations/asia-northeast3/functions/testInsertToFirestore","httpsTrigger":{"url":"https://asia-northeast3-dothighju.cloudfunctions.net/testInsertToFirestore","securityLevel":"SECURE_ALWAYS"},"status":"ACTIVE","entryPoint":"testInsertToFirestore","updateTime":"2025-06-05T09:08:14.298Z","versionId":"6","labels":{"deployment-tool":"cli-firebase","firebase-functions-hash":"0d3f5b3233672cd70eb90ab761afaa817583038a"},"sourceUploadUrl":"https://storage.googleapis.com/uploads-204481547288.asia-northeast3.cloudfunctions.appspot.com/87cf5481-eabb-428e-b05b-4f61e137df11.zip?GoogleAccessId=service-104106663257@gcf-admin-robot.iam.gserviceaccount.com&Expires=1749117287&Signature=kHvizS%2BhGqC19sKnkDV5DaTplrT91BEOeZOFdfAPyscTEypK66BdTLSlSTyIM60%2B5iPB7N3rJNrXATPScG7adfU881K8%2FA3sUWSNvo97CnT94Z7TCuBO7gLXO0VHWpiPjdSUDBm4pFLhF1zUis%2FJ8cJOUBsLa%2B5QXAk12OQALTz%2FwdZu6ygbjfo7qssApTEEgJNYi%2Bvk5YS7C4dpVZ7qzLOjxInx14JF5Qd5NeIjSAS7WKfS%2BItWtFXfr66M%2F9uZ%2B3FGl1hAr5Mb8ba4w3WoDZP9Td4Aad%2FUUdVjQd42PXh8B5ow7vW229ArvpeabHAXndn2wONSnNBsKRO820B3Cg%3D%3D","environmentVariables":{"FIREBASE_CONFIG":"{\"projectId\":\"dothighju\",\"databaseURL\":\"https://dothighju-default-rtdb.asia-southeast1.firebasedatabase.app\",\"storageBucket\":\"dothighju.firebasestorage.app\"}","GCLOUD_PROJECT":"dothighju","EVENTARC_CLOUD_EVENT_SOURCE":"projects/dothighju/locations/asia-northeast3/functions/testInsertToFirestore"},"runtime":"nodejs20","buildId":"f6e10f0a-ff31-4868-8ec6-8d5c3ef998ad","buildEnvironmentVariables":{"GOOGLE_NODE_RUN_SCRIPTS":""},"buildName":"projects/104106663257/locations/asia-northeast3/builds/f6e10f0a-ff31-4868-8ec6-8d5c3ef998ad","dockerRegistry":"ARTIFACT_REGISTRY","automaticUpdatePolicy":{},"buildServiceAccount":"projects/dothighju/serviceAccounts/104106663257-compute@developer.gserviceaccount.com"},"versionId":"7","updateTime":"2025-06-05T09:24:48Z","buildId":"6adc63d1-d502-411c-9d36-2bf7b6d1ed66","buildName":"projects/104106663257/locations/asia-northeast3/builds/6adc63d1-d502-411c-9d36-2bf7b6d1ed66"}}
